{
  "RSpec": {
    "coverage": {
      "/Users/ramkumar/simple-calculator/lib/internal_files.rb": [
        1,
        1,
        1,
        1,
        1,
        1,
        1,
        1,
        1,
        1,
        1,
        1,
        1,
        1,
        1,
        1,
        1
      ],
      "/Users/ramkumar/simple-calculator/lib/calculator.rb": [
        null,
        1,
        1,
        50,
        null,
        null,
        1,
        16,
        null,
        null,
        1,
        5,
        null,
        null,
        1,
        2,
        null,
        null,
        1,
        3,
        null,
        null,
        1,
        1,
        null,
        null,
        1,
        2,
        null,
        null,
        1,
        2,
        null,
        null,
        1,
        2,
        null,
        null,
        1,
        2,
        null,
        null,
        1,
        2,
        null,
        null,
        1,
        2,
        null,
        null
      ],
      "/Users/ramkumar/simple-calculator/lib/command.rb": [
        null,
        1,
        1,
        1,
        28,
        null,
        null,
        1,
        3,
        null,
        null,
        1,
        null,
        1,
        2,
        null,
        null
      ],
      "/Users/ramkumar/simple-calculator/lib/calculator_command_line_interface.rb": [
        null,
        1,
        null,
        1,
        1,
        1,
        1,
        null,
        null,
        1,
        0,
        0,
        0,
        null,
        null,
        null,
        1,
        null,
        1,
        1,
        1,
        null,
        null
      ],
      "/Users/ramkumar/simple-calculator/lib/parser.rb": [
        null,
        1,
        1,
        14,
        null,
        null,
        1,
        14,
        14,
        14,
        14,
        null,
        2,
        null,
        1,
        null,
        1,
        null,
        1,
        null,
        1,
        null,
        1,
        null,
        1,
        null,
        1,
        null,
        1,
        null,
        1,
        null,
        1,
        null,
        1,
        null,
        1,
        null,
        null,
        null
      ],
      "/Users/ramkumar/simple-calculator/lib/commands/absolute_command.rb": [
        null,
        1,
        null,
        1,
        1,
        null,
        null,
        null
      ],
      "/Users/ramkumar/simple-calculator/lib/commands/add_command.rb": [
        null,
        1,
        null,
        1,
        2,
        null,
        null,
        null
      ],
      "/Users/ramkumar/simple-calculator/lib/commands/cancel_command.rb": [
        null,
        1,
        null,
        1,
        null,
        null,
        1,
        1,
        null,
        null,
        null
      ],
      "/Users/ramkumar/simple-calculator/lib/commands/cube_command.rb": [
        null,
        1,
        null,
        1,
        1,
        null,
        null,
        null
      ],
      "/Users/ramkumar/simple-calculator/lib/commands/cube_root_command.rb": [
        null,
        1,
        null,
        1,
        1,
        null,
        null,
        null
      ],
      "/Users/ramkumar/simple-calculator/lib/commands/divide_command.rb": [
        null,
        1,
        null,
        1,
        1,
        null,
        null,
        null
      ],
      "/Users/ramkumar/simple-calculator/lib/commands/exit_command.rb": [
        null,
        1,
        null,
        1,
        null,
        null,
        null,
        1,
        1,
        null,
        null,
        null
      ],
      "/Users/ramkumar/simple-calculator/lib/commands/invalid_command.rb": [
        null,
        1,
        null,
        1,
        null,
        null,
        null,
        1,
        1,
        null,
        null,
        null
      ],
      "/Users/ramkumar/simple-calculator/lib/commands/multiply_command.rb": [
        null,
        1,
        null,
        1,
        1,
        null,
        null,
        null
      ],
      "/Users/ramkumar/simple-calculator/lib/commands/negate_command.rb": [
        null,
        1,
        null,
        1,
        1,
        null,
        null,
        null
      ],
      "/Users/ramkumar/simple-calculator/lib/commands/square_command.rb": [
        null,
        1,
        null,
        1,
        1,
        null,
        null,
        null
      ],
      "/Users/ramkumar/simple-calculator/lib/commands/square_root_command.rb": [
        null,
        1,
        null,
        1,
        1,
        null,
        null,
        null
      ],
      "/Users/ramkumar/simple-calculator/lib/commands/subtract_command.rb": [
        null,
        1,
        null,
        1,
        1,
        null,
        null,
        null
      ],
      "/Users/ramkumar/simple-calculator/spec/add_command_spec.rb": [
        1,
        null,
        1,
        1,
        1,
        1,
        1,
        1,
        1,
        null,
        null,
        null,
        null
      ],
      "/Users/ramkumar/simple-calculator/spec/calculator_command_line_interface_spec.rb": [
        1,
        null,
        1,
        null,
        1,
        1,
        1,
        2,
        null,
        null,
        null
      ],
      "/Users/ramkumar/simple-calculator/spec/calculator_spec.rb": [
        1,
        null,
        1,
        23,
        1,
        1,
        1,
        null,
        null,
        1,
        1,
        1,
        null,
        null,
        null,
        1,
        1,
        1,
        null,
        null,
        1,
        1,
        1,
        null,
        null,
        null,
        1,
        1,
        1,
        null,
        null,
        1,
        1,
        1,
        null,
        null,
        null,
        1,
        1,
        1,
        null,
        null,
        1,
        1,
        1,
        null,
        null,
        1,
        2,
        null,
        null,
        null,
        1,
        1,
        1,
        null,
        null,
        null,
        1,
        1,
        1,
        1,
        null,
        null,
        1,
        1,
        1,
        null,
        null,
        null,
        1,
        1,
        1,
        1,
        null,
        null,
        1,
        1,
        1,
        null,
        null,
        null,
        1,
        1,
        1,
        1,
        null,
        null,
        1,
        1,
        1,
        null,
        null,
        null,
        1,
        1,
        1,
        1,
        null,
        null,
        1,
        1,
        1,
        null,
        null,
        null,
        1,
        1,
        1,
        1,
        null,
        null,
        1,
        1,
        1,
        null,
        null,
        null,
        1,
        1,
        1,
        1,
        null,
        null,
        1,
        1,
        1,
        null,
        null,
        null,
        null,
        null
      ],
      "/Users/ramkumar/simple-calculator/spec/cancel_command_spec.rb": [
        1,
        null,
        1,
        1,
        1,
        1,
        1,
        1,
        1,
        null,
        null,
        null,
        null
      ],
      "/Users/ramkumar/simple-calculator/spec/command_spec.rb": [
        1,
        null,
        1,
        1,
        1,
        1,
        1,
        null,
        null,
        1,
        1,
        1,
        1,
        null,
        null,
        1,
        1,
        1,
        1,
        null,
        null,
        null,
        1,
        1,
        1,
        1,
        1,
        null,
        null,
        null,
        null,
        null
      ],
      "/Users/ramkumar/simple-calculator/spec/cube_command_spec.rb": [
        1,
        null,
        1,
        1,
        1,
        1,
        1,
        1,
        1,
        null,
        null,
        null,
        null
      ],
      "/Users/ramkumar/simple-calculator/spec/cube_root_command_spec.rb": [
        1,
        null,
        1,
        1,
        1,
        1,
        1,
        1,
        1,
        null,
        null,
        null,
        null
      ],
      "/Users/ramkumar/simple-calculator/spec/divide_command_spec.rb": [
        1,
        null,
        1,
        1,
        1,
        1,
        1,
        1,
        1,
        null,
        null,
        null,
        null
      ],
      "/Users/ramkumar/simple-calculator/spec/exit_command_spec.rb": [
        1,
        null,
        1,
        1,
        1,
        1,
        1,
        2,
        null,
        null,
        null,
        null
      ],
      "/Users/ramkumar/simple-calculator/spec/invalid_command_spec.rb": [
        1,
        null,
        1,
        1,
        1,
        1,
        1,
        1,
        null,
        null,
        null,
        null
      ],
      "/Users/ramkumar/simple-calculator/spec/multiply_command_spec.rb": [
        1,
        null,
        1,
        1,
        1,
        1,
        1,
        1,
        1,
        null,
        null,
        null,
        null
      ],
      "/Users/ramkumar/simple-calculator/spec/negate_command_spec.rb": [
        1,
        null,
        1,
        1,
        1,
        1,
        1,
        1,
        1,
        null,
        null,
        null,
        null
      ],
      "/Users/ramkumar/simple-calculator/spec/parser_spec.rb": [
        1,
        null,
        1,
        14,
        1,
        1,
        1,
        null,
        null,
        1,
        1,
        1,
        null,
        null,
        null,
        1,
        1,
        1,
        null,
        null,
        null,
        1,
        1,
        1,
        null,
        null,
        null,
        1,
        1,
        1,
        null,
        null,
        null,
        1,
        1,
        1,
        null,
        null,
        null,
        1,
        1,
        1,
        null,
        null,
        null,
        1,
        1,
        1,
        null,
        null,
        null,
        1,
        1,
        1,
        null,
        null,
        null,
        1,
        1,
        1,
        null,
        null,
        null,
        1,
        1,
        1,
        null,
        null,
        null,
        1,
        1,
        1,
        null,
        null,
        null,
        1,
        1,
        1,
        null,
        null,
        null,
        null
      ],
      "/Users/ramkumar/simple-calculator/spec/square_command_spec.rb": [
        1,
        null,
        1,
        1,
        1,
        1,
        1,
        1,
        1,
        null,
        null,
        null,
        null
      ],
      "/Users/ramkumar/simple-calculator/spec/square_root_command_spec.rb": [
        1,
        null,
        1,
        1,
        1,
        1,
        1,
        1,
        1,
        null,
        null,
        null,
        null
      ],
      "/Users/ramkumar/simple-calculator/spec/subtract_command_spec.rb": [
        1,
        null,
        1,
        1,
        1,
        1,
        1,
        1,
        1,
        null,
        null,
        null,
        null
      ]
    },
    "timestamp": 1433845657
  }
}
