{
  "RSpec": {
    "coverage": {
      "/Users/ramkumar/simple-calculator/lib/calculator.rb": [
        null,
        1,
        1,
        22,
        null,
        null,
        1,
        15,
        null,
        null,
        1,
        5,
        null,
        null,
        1,
        2,
        null,
        null,
        1,
        3,
        null,
        null,
        1,
        1,
        null,
        null,
        1,
        2,
        null,
        null,
        1,
        2,
        null,
        null,
        1,
        2,
        null,
        null,
        1,
        2,
        null,
        null,
        1,
        2,
        null,
        null,
        1,
        2,
        null,
        null
      ],
      "/Users/ramkumar/simple-calculator/lib/parser.rb": [
        null,
        1,
        1,
        0,
        null,
        null,
        1,
        0,
        0,
        0,
        0,
        null,
        0,
        null,
        0,
        null,
        0,
        null,
        0,
        null,
        0,
        null,
        0,
        null,
        0,
        null,
        null,
        null
      ],
      "/Users/ramkumar/simple-calculator/lib/command.rb": [
        null,
        1,
        1,
        1,
        0,
        0,
        null,
        null,
        1,
        0,
        null,
        null,
        1,
        null,
        1,
        0,
        null,
        null
      ],
      "/Users/ramkumar/simple-calculator/lib/add_command.rb": [
        null,
        1,
        null,
        1,
        0,
        null,
        null,
        null
      ],
      "/Users/ramkumar/simple-calculator/lib/subtract_command.rb": [
        null,
        1,
        null,
        1,
        0,
        null,
        null,
        null
      ],
      "/Users/ramkumar/simple-calculator/lib/multiply_command.rb": [
        null,
        1,
        null,
        1,
        0,
        null,
        null,
        null
      ],
      "/Users/ramkumar/simple-calculator/lib/divide_command.rb": [
        null,
        1,
        null,
        1,
        0,
        null,
        null,
        null
      ],
      "/Users/ramkumar/simple-calculator/lib/cancel_command.rb": [
        null,
        1,
        null,
        1,
        null,
        null,
        1,
        0,
        null,
        null,
        null
      ],
      "/Users/ramkumar/simple-calculator/lib/exit_command.rb": [
        null,
        1,
        null,
        1,
        null,
        null,
        null,
        1,
        0,
        null,
        null,
        null
      ],
      "/Users/ramkumar/simple-calculator/lib/invalid_command.rb": [
        null,
        1,
        null,
        1,
        null,
        null,
        null,
        1,
        0,
        null,
        null,
        null
      ]
    },
    "timestamp": 1433839166
  }
}
